<?xml version="1.0" encoding="UTF-8"?>
<testsuite xmlns:xsi="http://www.w3.org/2001/XMLSchema-instance" xsi:schemaLocation="https://maven.apache.org/surefire/maven-surefire-plugin/xsd/surefire-test-report.xsd" name="teenage.qajava.PersonTest" time="0.993" tests="6" errors="0" skipped="0" failures="3">
  <properties>
[...]
</properties>
  <testcase name="proverka" classname="teenage.qajava.PersonTest" time="0.021"/>
  <testcase name="proverka" classname="teenage.qajava.PersonTest" time="0.008">
    <failure message="expected [true] but found [false]" type="java.lang.AssertionError">java.lang.AssertionError: expected [true] but found [false]
	at teenage.qajava.PersonTest.proverka(PersonTest.java:32)
</failure>
  </testcase>
  <testcase name="proverka" classname="teenage.qajava.PersonTest" time="0">
    <failure message="expected [true] but found [false]" type="java.lang.AssertionError">java.lang.AssertionError: expected [true] but found [false]
	at teenage.qajava.PersonTest.proverka(PersonTest.java:32)
</failure>
  </testcase>
  <testcase name="proverka" classname="teenage.qajava.PersonTest" time="0"/>
  <testcase name="proverka" classname="teenage.qajava.PersonTest" time="0">
    <failure message="expected [false] but found [true]" type="java.lang.AssertionError">java.lang.AssertionError: expected [false] but found [true]
	at teenage.qajava.PersonTest.proverka(PersonTest.java:32)
</failure>
  </testcase>
  <testcase name="proverka" classname="teenage.qajava.PersonTest" time="0"/>
</testsuite>